e:\gameloft\gamefinal\soloud\debug\soloud.pdb
e:\gameloft\gamefinal\soloud\debug\soloud_oss.obj
e:\gameloft\gamefinal\soloud\debug\soloud_opensles.obj
e:\gameloft\gamefinal\soloud\debug\soloud_null.obj
e:\gameloft\gamefinal\soloud\debug\soloud_coreaudio.obj
e:\gameloft\gamefinal\soloud\debug\soloud_wavstream.obj
e:\gameloft\gamefinal\soloud\debug\soloud_wav.obj
e:\gameloft\gamefinal\soloud\debug\dr_impl.obj
e:\gameloft\gamefinal\soloud\debug\soloud_vizsn.obj
e:\gameloft\gamefinal\soloud\debug\soloud_vic.obj
e:\gameloft\gamefinal\soloud\debug\ted.obj
e:\gameloft\gamefinal\soloud\debug\soloud_tedsid.obj
e:\gameloft\gamefinal\soloud\debug\sid.obj
e:\gameloft\gamefinal\soloud\debug\tts.obj
e:\gameloft\gamefinal\soloud\debug\soloud_speech.obj
e:\gameloft\gamefinal\soloud\debug\resonator.obj
e:\gameloft\gamefinal\soloud\debug\klatt.obj
e:\gameloft\gamefinal\soloud\debug\darray.obj
e:\gameloft\gamefinal\soloud\debug\soloud_sfxr.obj
e:\gameloft\gamefinal\soloud\debug\soloud_openmpt.obj
e:\gameloft\gamefinal\soloud\debug\soloud_monotone.obj
e:\gameloft\gamefinal\soloud\debug\soloud_fader.obj
e:\gameloft\gamefinal\soloud\debug\soloud_core_voiceops.obj
e:\gameloft\gamefinal\soloud\debug\soloud_core_voicegroup.obj
e:\gameloft\gamefinal\soloud\debug\soloud_core_setters.obj
e:\gameloft\gamefinal\soloud\debug\soloud_core_getters.obj
e:\gameloft\gamefinal\soloud\debug\soloud_core_filterops.obj
e:\gameloft\gamefinal\soloud\debug\soloud_core_faderops.obj
e:\gameloft\gamefinal\soloud\debug\soloud_core_basicops.obj
e:\gameloft\gamefinal\soloud\debug\soloud_core_3d.obj
e:\gameloft\gamefinal\soloud\debug\soloud_bus.obj
e:\gameloft\gamefinal\soloud\debug\soloud_audiosource.obj
e:\gameloft\gamefinal\soloud\debug\soloud.obj
e:\gameloft\gamefinal\soloud\debug\soloud_xaudio2.obj
e:\gameloft\gamefinal\soloud\debug\soloud_winmm.obj
e:\gameloft\gamefinal\soloud\debug\soloud_wasapi.obj
e:\gameloft\gamefinal\soloud\debug\soloud_sdl_static.obj
e:\gameloft\gamefinal\soloud\debug\soloud_sdl2.obj
e:\gameloft\gamefinal\soloud\debug\soloud_sdl1.obj
e:\gameloft\gamefinal\soloud\debug\soloud_sdl2_static.obj
e:\gameloft\gamefinal\soloud\debug\soloud_portaudio.obj
e:\gameloft\gamefinal\soloud\debug\sanity.obj
e:\gameloft\gamefinal\soloud\debug\main.obj
e:\gameloft\gamefinal\soloud\debug\soloud_waveshaperfilter.obj
e:\gameloft\gamefinal\soloud\debug\soloud_robotizefilter.obj
e:\gameloft\gamefinal\soloud\debug\soloud_lofifilter.obj
e:\gameloft\gamefinal\soloud\debug\soloud_flangerfilter.obj
e:\gameloft\gamefinal\soloud\debug\soloud_fftfilter.obj
e:\gameloft\gamefinal\soloud\debug\soloud_echofilter.obj
e:\gameloft\gamefinal\soloud\debug\soloud_dcremovalfilter.obj
e:\gameloft\gamefinal\soloud\debug\soloud_biquadresonantfilter.obj
e:\gameloft\gamefinal\soloud\debug\soloud_bassboostfilter.obj
e:\gameloft\gamefinal\soloud\debug\soloud_c.obj
e:\gameloft\gamefinal\soloud\debug\soloud_thread.obj
e:\gameloft\gamefinal\soloud\debug\soloud_queue.obj
e:\gameloft\gamefinal\soloud\debug\soloud_filter.obj
e:\gameloft\gamefinal\soloud\debug\soloud_file.obj
e:\gameloft\gamefinal\soloud\debug\soloud_fft_lut.obj
e:\gameloft\gamefinal\soloud\debug\soloud_fft.obj
e:\gameloft\gamefinal\soloud\debug\tedsound.obj
e:\gameloft\gamefinal\soloud\debug\tedplay.obj
e:\gameloft\gamefinal\soloud\debug\tedmem.obj
e:\gameloft\gamefinal\soloud\debug\cpu.obj
e:\gameloft\gamefinal\soloud\debug\cbmtune.obj
e:\gameloft\gamefinal\soloud\debug\stb_image_write.obj
e:\gameloft\gamefinal\soloud\debug\soloud_sdl2_dll.obj
e:\gameloft\gamefinal\soloud\debug\soloud_sdl1_dll.obj
e:\gameloft\gamefinal\soloud\debug\soloud_portaudio_dll.obj
e:\gameloft\gamefinal\soloud\debug\stb_vorbis.obj
e:\gameloft\gamefinal\soloud\debug\soloud_openmpt_dll.obj
e:\gameloft\gamefinal\soloud\debug\soloud.lib
e:\gameloft\gamefinal\soloud\debug\soloud.tlog\cl.command.1.tlog
e:\gameloft\gamefinal\soloud\debug\soloud.tlog\cl.read.1.tlog
e:\gameloft\gamefinal\soloud\debug\soloud.tlog\cl.write.1.tlog
e:\gameloft\gamefinal\soloud\debug\soloud.tlog\lib-link.read.1.tlog
e:\gameloft\gamefinal\soloud\debug\soloud.tlog\lib-link.write.1.tlog
e:\gameloft\gamefinal\soloud\debug\soloud.tlog\lib.command.1.tlog
