e:\gameloft\gamefinal\trainingframework\debug-angle\vc142.pdb
e:\gameloft\gamefinal\trainingframework\debug-angle\vc142.idb
e:\gameloft\gamefinal\trainingframework\debug-angle\explosiveeffect.obj
e:\gameloft\gamefinal\trainingframework\debug-angle\font.obj
e:\gameloft\gamefinal\trainingframework\debug-angle\gamebutton.obj
e:\gameloft\gamefinal\trainingframework\debug-angle\player.obj
e:\gameloft\gamefinal\trainingframework\debug-angle\sprite2d.obj
e:\gameloft\gamefinal\trainingframework\debug-angle\camera.obj
e:\gameloft\gamefinal\trainingframework\debug-angle\sprite3d.obj
e:\gameloft\gamefinal\trainingframework\debug-angle\models.obj
e:\gameloft\gamefinal\trainingframework\debug-angle\shaders.obj
e:\gameloft\gamefinal\trainingframework\debug-angle\spritesheet.obj
e:\gameloft\gamefinal\trainingframework\debug-angle\text.obj
e:\gameloft\gamefinal\trainingframework\debug-angle\texture.obj
e:\gameloft\gamefinal\trainingframework\debug-angle\gamestatebase.obj
e:\gameloft\gamefinal\trainingframework\debug-angle\gamestatemachine.obj
e:\gameloft\gamefinal\trainingframework\debug-angle\gsgameover.obj
e:\gameloft\gamefinal\trainingframework\debug-angle\gsintro.obj
e:\gameloft\gamefinal\trainingframework\debug-angle\gsmenu.obj
e:\gameloft\gamefinal\trainingframework\debug-angle\gsplay.obj
e:\gameloft\gamefinal\trainingframework\debug-angle\gssetting.obj
e:\gameloft\gamefinal\trainingframework\debug-angle\trainingframework.obj
e:\gameloft\gamefinal\trainingframework\debug-angle\application.obj
e:\gameloft\gamefinal\trainingframework\debug-angle\resourcemanagers.obj
e:\gameloft\gamefinal\trainingframework\debug-angle\soundmanager.obj
e:\gameloft\gamefinal\trainingframework\debug-angle\boom.obj
e:\gameloft\gamefinal\trainingframework\debug-angle\bubble.obj
e:\gameloft\gamefinal\trainingframework\debug-angle\fish.obj
e:\gameloft\gamefinal\bin-angle\trainingframework.exe
e:\gameloft\gamefinal\bin-angle\trainingframework.ilk
e:\gameloft\gamefinal\bin-angle\trainingframework.pdb
e:\gameloft\gamefinal\\bin-angle\trainingframework.pdb
e:\gameloft\gamefinal\\bin-angle\trainingframework.exe
e:\gameloft\gamefinal\\bin-angle\trainingframework.ilk
e:\gameloft\gamefinal\trainingframework\debug-angle\training.fc024ec8.tlog\cl.command.1.tlog
e:\gameloft\gamefinal\trainingframework\debug-angle\training.fc024ec8.tlog\cl.read.1.tlog
e:\gameloft\gamefinal\trainingframework\debug-angle\training.fc024ec8.tlog\cl.write.1.tlog
e:\gameloft\gamefinal\trainingframework\debug-angle\training.fc024ec8.tlog\link.1332.delete.1.tlog
e:\gameloft\gamefinal\trainingframework\debug-angle\training.fc024ec8.tlog\link.4332.delete.1.tlog
e:\gameloft\gamefinal\trainingframework\debug-angle\training.fc024ec8.tlog\link.7952.delete.1.tlog
e:\gameloft\gamefinal\trainingframework\debug-angle\training.fc024ec8.tlog\link.command.1.tlog
e:\gameloft\gamefinal\trainingframework\debug-angle\training.fc024ec8.tlog\link.delete.1.tlog
e:\gameloft\gamefinal\trainingframework\debug-angle\training.fc024ec8.tlog\link.read.1.tlog
e:\gameloft\gamefinal\trainingframework\debug-angle\training.fc024ec8.tlog\link.write.1.tlog
