e:\gameloft\programming\freetype\objs\vc2019\win32\freetype.pdb
e:\gameloft\programming\freetype\objs\vc2019\win32\debug\ftdebug.obj
e:\gameloft\programming\freetype\objs\vc2019\win32\debug\bdf.obj
e:\gameloft\programming\freetype\objs\vc2019\win32\debug\ftbitmap.obj
e:\gameloft\programming\freetype\objs\vc2019\win32\debug\ftgasp.obj
e:\gameloft\programming\freetype\objs\vc2019\win32\debug\ftinit.obj
e:\gameloft\programming\freetype\objs\vc2019\win32\debug\ftsystem.obj
e:\gameloft\programming\freetype\objs\vc2019\win32\debug\ftmm.obj
e:\gameloft\programming\freetype\objs\vc2019\win32\debug\ftwinfnt.obj
e:\gameloft\programming\freetype\objs\vc2019\win32\debug\ftotval.obj
e:\gameloft\programming\freetype\objs\vc2019\win32\debug\pshinter.obj
e:\gameloft\programming\freetype\objs\vc2019\win32\debug\sfnt.obj
e:\gameloft\programming\freetype\objs\vc2019\win32\debug\type42.obj
e:\gameloft\programming\freetype\objs\vc2019\win32\debug\ftbase.obj
e:\gameloft\programming\freetype\objs\vc2019\win32\debug\ftglyph.obj
e:\gameloft\programming\freetype\objs\vc2019\win32\debug\ftstroke.obj
e:\gameloft\programming\freetype\objs\vc2019\win32\debug\ftpfr.obj
e:\gameloft\programming\freetype\objs\vc2019\win32\debug\ftxf86.obj
e:\gameloft\programming\freetype\objs\vc2019\win32\debug\ftpatent.obj
e:\gameloft\programming\freetype\objs\vc2019\win32\debug\psaux.obj
e:\gameloft\programming\freetype\objs\vc2019\win32\debug\truetype.obj
e:\gameloft\programming\freetype\objs\vc2019\win32\debug\autofit.obj
e:\gameloft\programming\freetype\objs\vc2019\win32\debug\ftfstype.obj
e:\gameloft\programming\freetype\objs\vc2019\win32\debug\ftgzip.obj
e:\gameloft\programming\freetype\objs\vc2019\win32\debug\smooth.obj
e:\gameloft\programming\freetype\objs\vc2019\win32\debug\fttype1.obj
e:\gameloft\programming\freetype\objs\vc2019\win32\debug\ftgxval.obj
e:\gameloft\programming\freetype\objs\vc2019\win32\debug\pcf.obj
e:\gameloft\programming\freetype\objs\vc2019\win32\debug\psmodule.obj
e:\gameloft\programming\freetype\objs\vc2019\win32\debug\type1.obj
e:\gameloft\programming\freetype\objs\vc2019\win32\debug\cff.obj
e:\gameloft\programming\freetype\objs\vc2019\win32\debug\ftcache.obj
e:\gameloft\programming\freetype\objs\vc2019\win32\debug\ftlzw.obj
e:\gameloft\programming\freetype\objs\vc2019\win32\debug\ftbbox.obj
e:\gameloft\programming\freetype\objs\vc2019\win32\debug\ftsynth.obj
e:\gameloft\programming\freetype\objs\vc2019\win32\debug\ftlcdfil.obj
e:\gameloft\programming\freetype\objs\vc2019\win32\debug\pfr.obj
e:\gameloft\programming\freetype\objs\vc2019\win32\debug\raster.obj
e:\gameloft\programming\freetype\objs\vc2019\win32\debug\type1cid.obj
e:\gameloft\programming\freetype\objs\vc2019\win32\debug\winfnt.obj
e:\gameloft\programming\freetype\objs\vc2019\win32\freetype.lib
e:\gameloft\programming\freetype\builds\windows\vc2019\.\..\..\..\objs\vc2019\win32\freetype.lib
e:\gameloft\programming\freetype\objs\vc2019\win32\debug\freetype.tlog\cl.command.1.tlog
e:\gameloft\programming\freetype\objs\vc2019\win32\debug\freetype.tlog\cl.read.1.tlog
e:\gameloft\programming\freetype\objs\vc2019\win32\debug\freetype.tlog\cl.write.1.tlog
e:\gameloft\programming\freetype\objs\vc2019\win32\debug\freetype.tlog\lib-link.read.1.tlog
e:\gameloft\programming\freetype\objs\vc2019\win32\debug\freetype.tlog\lib-link.write.1.tlog
e:\gameloft\programming\freetype\objs\vc2019\win32\debug\freetype.tlog\lib.command.1.tlog
