  Application.cpp
E:\Gameloft\GameFinal\TrainingFramework\src\Helper\ThreadPool.h(37,13): warning C4477:  'printf' : format string '%d' requires an argument of type 'int', but variadic argument 1 has type 'std::thread::id'
E:\Gameloft\GameFinal\Soloud\include\soloud.h(37,1): warning C4005:  'WIN32_LEAN_AND_MEAN': macro redefinition
  ResourceManagers.cpp
E:\Gameloft\GameFinal\Include\AMD\EGL\eglplatform.h(67): message :  see previous definition of 'WIN32_LEAN_AND_MEAN'
E:\Gameloft\GameFinal\TrainingFramework\src\Helper\ThreadPool.h(37,13): warning C4477:  'printf' : format string '%d' requires an argument of type 'int', but variadic argument 1 has type 'std::thread::id'
E:\Gameloft\GameFinal\Soloud\include\soloud.h(37,1): warning C4005:  'WIN32_LEAN_AND_MEAN': macro redefinition
  SoundManager.cpp
E:\Gameloft\GameFinal\Include\AMD\EGL\eglplatform.h(67): message :  see previous definition of 'WIN32_LEAN_AND_MEAN'
E:\Gameloft\GameFinal\TrainingFramework\src\Helper\ThreadPool.h(37,13): warning C4477:  'printf' : format string '%d' requires an argument of type 'int', but variadic argument 1 has type 'std::thread::id'
E:\Gameloft\GameFinal\Soloud\include\soloud.h(37,1): warning C4005:  'WIN32_LEAN_AND_MEAN': macro redefinition
  Boom.cpp
E:\Gameloft\GameFinal\Include\AMD\EGL\eglplatform.h(67): message :  see previous definition of 'WIN32_LEAN_AND_MEAN'
E:\Gameloft\GameFinal\TrainingFramework\src\Helper\ThreadPool.h(37,13): warning C4477:  'printf' : format string '%d' requires an argument of type 'int', but variadic argument 1 has type 'std::thread::id'
E:\Gameloft\GameFinal\Soloud\include\soloud.h(37,1): warning C4005:  'WIN32_LEAN_AND_MEAN': macro redefinition
  Bubble.cpp
E:\Gameloft\GameFinal\Include\AMD\EGL\eglplatform.h(67): message :  see previous definition of 'WIN32_LEAN_AND_MEAN'
E:\Gameloft\GameFinal\TrainingFramework\src\Helper\ThreadPool.h(37,13): warning C4477:  'printf' : format string '%d' requires an argument of type 'int', but variadic argument 1 has type 'std::thread::id'
E:\Gameloft\GameFinal\Soloud\include\soloud.h(37,1): warning C4005:  'WIN32_LEAN_AND_MEAN': macro redefinition
E:\Gameloft\GameFinal\Include\AMD\EGL\eglplatform.h(67): message :  see previous definition of 'WIN32_LEAN_AND_MEAN'
E:\Gameloft\GameFinal\TrainingFramework\src\GameObject\Bubble.cpp(16,24): warning C4244:  '=': conversion from 'int' to 'float', possible loss of data
E:\Gameloft\GameFinal\TrainingFramework\src\GameObject\Bubble.cpp(17,64): warning C4244:  'argument': conversion from 'int' to 'GLfloat', possible loss of data
E:\Gameloft\GameFinal\TrainingFramework\src\GameObject\Bubble.cpp(17,23): warning C4244:  'argument': conversion from 'int' to 'GLfloat', possible loss of data
E:\Gameloft\GameFinal\TrainingFramework\src\GameObject\Bubble.cpp(18,14): warning C4244:  'initializing': conversion from 'double' to 'float', possible loss of data
E:\Gameloft\GameFinal\TrainingFramework\src\GameObject\Bubble.cpp(19,31): warning C4244:  'argument': conversion from 'float' to 'GLint', possible loss of data
  Fish.cpp
E:\Gameloft\GameFinal\TrainingFramework\src\GameObject\Bubble.cpp(19,16): warning C4244:  'argument': conversion from 'float' to 'GLint', possible loss of data
E:\Gameloft\GameFinal\TrainingFramework\src\Helper\ThreadPool.h(37,13): warning C4477:  'printf' : format string '%d' requires an argument of type 'int', but variadic argument 1 has type 'std::thread::id'
E:\Gameloft\GameFinal\Soloud\include\soloud.h(37,1): warning C4005:  'WIN32_LEAN_AND_MEAN': macro redefinition
E:\Gameloft\GameFinal\Include\AMD\EGL\eglplatform.h(67): message :  see previous definition of 'WIN32_LEAN_AND_MEAN'
E:\Gameloft\GameFinal\TrainingFramework\src\GameObject\Fish.cpp(10,21): warning C4305:  '=': truncation from 'double' to 'float'
  ExplosiveEffect.cpp
  Font.cpp
  GameButton.cpp
E:\Gameloft\GameFinal\TrainingFramework\src\GameObject\Fish.cpp(12,25): warning C4244:  '=': conversion from 'int' to 'float', possible loss of data
E:\Gameloft\GameFinal\TrainingFramework\src\Helper\ThreadPool.h(37,13): warning C4477:  'printf' : format string '%d' requires an argument of type 'int', but variadic argument 1 has type 'std::thread::id'
E:\Gameloft\GameFinal\Soloud\include\soloud.h(37,1): warning C4005:  'WIN32_LEAN_AND_MEAN': macro redefinition
  Player.cpp
E:\Gameloft\GameFinal\Include\AMD\EGL\eglplatform.h(67): message :  see previous definition of 'WIN32_LEAN_AND_MEAN'
E:\Gameloft\GameFinal\TrainingFramework\src\Helper\ThreadPool.h(37,13): warning C4477:  'printf' : format string '%d' requires an argument of type 'int', but variadic argument 1 has type 'std::thread::id'
E:\Gameloft\GameFinal\Soloud\include\soloud.h(37,1): warning C4005:  'WIN32_LEAN_AND_MEAN': macro redefinition
E:\Gameloft\GameFinal\Include\AMD\EGL\eglplatform.h(67): message :  see previous definition of 'WIN32_LEAN_AND_MEAN'
E:\Gameloft\GameFinal\TrainingFramework\src\GameObject\Player.cpp(12,21): warning C4305:  '=': truncation from 'double' to 'float'
E:\Gameloft\GameFinal\TrainingFramework\src\GameObject\Player.cpp(25,34): warning C4244:  'argument': conversion from 'double' to 'GLint', possible loss of data
E:\Gameloft\GameFinal\TrainingFramework\src\GameObject\Player.cpp(25,18): warning C4244:  'argument': conversion from 'double' to 'GLint', possible loss of data
E:\Gameloft\GameFinal\TrainingFramework\src\GameObject\Player.cpp(159,37): warning C4244:  'argument': conversion from 'double' to 'GLint', possible loss of data
E:\Gameloft\GameFinal\TrainingFramework\src\GameObject\Player.cpp(159,23): warning C4244:  'argument': conversion from 'double' to 'GLint', possible loss of data
E:\Gameloft\GameFinal\TrainingFramework\src\GameObject\Player.cpp(163,40): warning C4244:  'argument': conversion from 'double' to 'GLint', possible loss of data
E:\Gameloft\GameFinal\TrainingFramework\src\GameObject\Player.cpp(163,24): warning C4244:  'argument': conversion from 'double' to 'GLint', possible loss of data
E:\Gameloft\GameFinal\TrainingFramework\src\GameObject\Player.cpp(167,39): warning C4244:  'argument': conversion from 'double' to 'GLint', possible loss of data
E:\Gameloft\GameFinal\TrainingFramework\src\GameObject\Player.cpp(167,24): warning C4244:  'argument': conversion from 'double' to 'GLint', possible loss of data
E:\Gameloft\GameFinal\TrainingFramework\src\GameObject\Player.cpp(171,39): warning C4244:  'argument': conversion from 'double' to 'GLint', possible loss of data
  Sprite2D.cpp
E:\Gameloft\GameFinal\TrainingFramework\src\GameObject\Player.cpp(171,24): warning C4244:  'argument': conversion from 'double' to 'GLint', possible loss of data
E:\Gameloft\GameFinal\TrainingFramework\src\GameObject\Sprite2D.cpp(146,11): warning C4244:  'initializing': conversion from 'double' to 'float', possible loss of data
E:\Gameloft\GameFinal\TrainingFramework\src\GameObject\Sprite2D.cpp(147,11): warning C4244:  'initializing': conversion from 'double' to 'float', possible loss of data
E:\Gameloft\GameFinal\TrainingFramework\src\GameObject\Sprite2D.cpp(157,11): warning C4244:  'initializing': conversion from 'double' to 'float', possible loss of data
E:\Gameloft\GameFinal\TrainingFramework\src\GameObject\Sprite2D.cpp(158,11): warning C4244:  'initializing': conversion from 'double' to 'float', possible loss of data
E:\Gameloft\GameFinal\TrainingFramework\src\GameObject\Sprite2D.cpp(172,15): warning C4244:  '=': conversion from 'GLint' to 'GLfloat', possible loss of data
  Camera.cpp
  Sprite3D.cpp
  Models.cpp
E:\Gameloft\GameFinal\TrainingFramework\src\GameObject\Sprite2D.cpp(173,15): warning C4244:  '=': conversion from 'GLint' to 'GLfloat', possible loss of data
E:\Gameloft\GameFinal\TrainingFramework\src\GameObject\Models.cpp(25,18): warning C4244:  'initializing': conversion from 'std::streamoff' to 'size_t', possible loss of data
E:\Gameloft\GameFinal\TrainingFramework\src\GameObject\Models.cpp(35,1): warning C4996:  'sscanf': This function or variable may be unsafe. Consider using sscanf_s instead. To disable deprecation, use _CRT_SECURE_NO_WARNINGS. See online help for details.
C:\Program Files (x86)\Windows Kits\10\Include\10.0.18362.0\ucrt\stdio.h(2263): message :  see declaration of 'sscanf'
E:\Gameloft\GameFinal\TrainingFramework\src\GameObject\Models.cpp(40,1): warning C4996:  'sscanf': This function or variable may be unsafe. Consider using sscanf_s instead. To disable deprecation, use _CRT_SECURE_NO_WARNINGS. See online help for details.
C:\Program Files (x86)\Windows Kits\10\Include\10.0.18362.0\ucrt\stdio.h(2263): message :  see declaration of 'sscanf'
E:\Gameloft\GameFinal\TrainingFramework\src\GameObject\Models.cpp(62,1): warning C4996:  'sscanf': This function or variable may be unsafe. Consider using sscanf_s instead. To disable deprecation, use _CRT_SECURE_NO_WARNINGS. See online help for details.
C:\Program Files (x86)\Windows Kits\10\Include\10.0.18362.0\ucrt\stdio.h(2263): message :  see declaration of 'sscanf'
E:\Gameloft\GameFinal\TrainingFramework\src\GameObject\Models.cpp(68,1): warning C4996:  'sscanf': This function or variable may be unsafe. Consider using sscanf_s instead. To disable deprecation, use _CRT_SECURE_NO_WARNINGS. See online help for details.
  Shaders.cpp
  SpriteSheet.cpp
C:\Program Files (x86)\Windows Kits\10\Include\10.0.18362.0\ucrt\stdio.h(2263): message :  see declaration of 'sscanf'
E:\Gameloft\GameFinal\TrainingFramework\src\GameObject\SpriteSheet.cpp(41,33): warning C4244:  '=': conversion from 'int' to 'GLfloat', possible loss of data
E:\Gameloft\GameFinal\TrainingFramework\src\GameObject\SpriteSheet.cpp(42,33): warning C4244:  '=': conversion from 'int' to 'GLfloat', possible loss of data
E:\Gameloft\GameFinal\TrainingFramework\src\GameObject\SpriteSheet.cpp(118,24): warning C4244:  'argument': conversion from 'int' to 'GLfloat', possible loss of data
E:\Gameloft\GameFinal\TrainingFramework\src\GameObject\SpriteSheet.cpp(118,16): warning C4244:  'argument': conversion from 'int' to 'GLfloat', possible loss of data
E:\Gameloft\GameFinal\TrainingFramework\src\GameObject\SpriteSheet.cpp(173,11): warning C4244:  'initializing': conversion from 'double' to 'float', possible loss of data
E:\Gameloft\GameFinal\TrainingFramework\src\GameObject\SpriteSheet.cpp(174,11): warning C4244:  'initializing': conversion from 'double' to 'float', possible loss of data
E:\Gameloft\GameFinal\TrainingFramework\src\GameObject\SpriteSheet.cpp(184,11): warning C4244:  'initializing': conversion from 'double' to 'float', possible loss of data
E:\Gameloft\GameFinal\TrainingFramework\src\GameObject\SpriteSheet.cpp(185,11): warning C4244:  'initializing': conversion from 'double' to 'float', possible loss of data
E:\Gameloft\GameFinal\TrainingFramework\src\GameObject\SpriteSheet.cpp(199,15): warning C4244:  '=': conversion from 'GLint' to 'GLfloat', possible loss of data
  Text.cpp
E:\Gameloft\GameFinal\TrainingFramework\src\GameObject\SpriteSheet.cpp(200,15): warning C4244:  '=': conversion from 'GLint' to 'GLfloat', possible loss of data
E:\Gameloft\GameFinal\TrainingFramework\src\GameObject\Text.cpp(22,11): warning C4244:  'initializing': conversion from 'double' to 'float', possible loss of data
E:\Gameloft\GameFinal\TrainingFramework\src\GameObject\Text.cpp(23,11): warning C4244:  'initializing': conversion from 'double' to 'float', possible loss of data
E:\Gameloft\GameFinal\TrainingFramework\src\GameObject\Text.cpp(169,11): warning C4244:  'initializing': conversion from 'double' to 'float', possible loss of data
E:\Gameloft\GameFinal\TrainingFramework\src\GameObject\Text.cpp(170,11): warning C4244:  'initializing': conversion from 'double' to 'float', possible loss of data
E:\Gameloft\GameFinal\TrainingFramework\src\GameObject\Text.cpp(180,11): warning C4244:  'initializing': conversion from 'double' to 'float', possible loss of data
  Texture.cpp
E:\Gameloft\GameFinal\TrainingFramework\src\GameObject\Text.cpp(181,11): warning C4244:  'initializing': conversion from 'double' to 'float', possible loss of data
E:\Gameloft\GameFinal\TrainingFramework\src\GameObject\Texture.cpp(26,29): warning C4244:  'argument': conversion from 'GLint' to 'GLfloat', possible loss of data
  GameStatebase.cpp
E:\Gameloft\GameFinal\TrainingFramework\src\GameObject\Texture.cpp(26,26): warning C4244:  'argument': conversion from 'GLint' to 'GLfloat', possible loss of data
E:\Gameloft\GameFinal\TrainingFramework\src\Helper\ThreadPool.h(37,13): warning C4477:  'printf' : format string '%d' requires an argument of type 'int', but variadic argument 1 has type 'std::thread::id'
E:\Gameloft\GameFinal\Soloud\include\soloud.h(37,1): warning C4005:  'WIN32_LEAN_AND_MEAN': macro redefinition
  GameStateMachine.cpp
E:\Gameloft\GameFinal\Include\AMD\EGL\eglplatform.h(67): message :  see previous definition of 'WIN32_LEAN_AND_MEAN'
E:\Gameloft\GameFinal\TrainingFramework\src\Helper\ThreadPool.h(37,13): warning C4477:  'printf' : format string '%d' requires an argument of type 'int', but variadic argument 1 has type 'std::thread::id'
E:\Gameloft\GameFinal\Soloud\include\soloud.h(37,1): warning C4005:  'WIN32_LEAN_AND_MEAN': macro redefinition
  Compiling...
  GSGameOver.cpp
E:\Gameloft\GameFinal\Include\AMD\EGL\eglplatform.h(67): message :  see previous definition of 'WIN32_LEAN_AND_MEAN'
E:\Gameloft\GameFinal\TrainingFramework\src\Helper\ThreadPool.h(37,13): warning C4477:  'printf' : format string '%d' requires an argument of type 'int', but variadic argument 1 has type 'std::thread::id'
E:\Gameloft\GameFinal\Soloud\include\soloud.h(37,1): warning C4005:  'WIN32_LEAN_AND_MEAN': macro redefinition
E:\Gameloft\GameFinal\Include\AMD\EGL\eglplatform.h(67): message :  see previous definition of 'WIN32_LEAN_AND_MEAN'
E:\Gameloft\GameFinal\TrainingFramework\src\GameStates\GSGameOver.cpp(33,86): warning C4244:  'argument': conversion from 'int' to 'GLfloat', possible loss of data
E:\Gameloft\GameFinal\TrainingFramework\src\GameStates\GSGameOver.cpp(33,55): warning C4244:  'argument': conversion from 'int' to 'GLfloat', possible loss of data
E:\Gameloft\GameFinal\TrainingFramework\src\GameStates\GSGameOver.cpp(39,49): warning C4244:  'argument': conversion from 'int' to 'GLfloat', possible loss of data
E:\Gameloft\GameFinal\TrainingFramework\src\GameStates\GSGameOver.cpp(49,49): warning C4244:  'argument': conversion from 'int' to 'GLfloat', possible loss of data
E:\Gameloft\GameFinal\TrainingFramework\src\GameStates\GSGameOver.cpp(59,49): warning C4244:  'argument': conversion from 'int' to 'GLfloat', possible loss of data
E:\Gameloft\GameFinal\TrainingFramework\src\GameStates\GSGameOver.cpp(70,70): warning C4244:  'argument': conversion from 'int' to 'GLfloat', possible loss of data
E:\Gameloft\GameFinal\TrainingFramework\src\GameStates\GSGameOver.cpp(73,67): warning C4244:  'argument': conversion from 'int' to 'GLfloat', possible loss of data
C:\Program Files (x86)\Microsoft Visual Studio\2019\Community\VC\Tools\MSVC\14.22.27905\include\memory(1555,71): warning C4244:  'argument': conversion from '_Ty' to 'float', possible loss of data
C:\Program Files (x86)\Microsoft Visual Studio\2019\Community\VC\Tools\MSVC\14.22.27905\include\memory(1555,71): warning C4244:         with
C:\Program Files (x86)\Microsoft Visual Studio\2019\Community\VC\Tools\MSVC\14.22.27905\include\memory(1555,71): warning C4244:         [
C:\Program Files (x86)\Microsoft Visual Studio\2019\Community\VC\Tools\MSVC\14.22.27905\include\memory(1555,71): warning C4244:             _Ty=double
C:\Program Files (x86)\Microsoft Visual Studio\2019\Community\VC\Tools\MSVC\14.22.27905\include\memory(1555,71): warning C4244:         ]
C:\Program Files (x86)\Microsoft Visual Studio\2019\Community\VC\Tools\MSVC\14.22.27905\include\memory(1608): message :  see reference to function template instantiation 'std::_Ref_count_obj<_Ty>::_Ref_count_obj<std::shared_ptr<Shaders>&,std::shared_ptr<Font>&,const char(&)[9],TEXT_COLOR,double>(std::shared_ptr<Shaders> &,std::shared_ptr<Font> &,const char (&)[9],TEXT_COLOR &&,double &&)' being compiled
C:\Program Files (x86)\Microsoft Visual Studio\2019\Community\VC\Tools\MSVC\14.22.27905\include\memory(1608): message :         with
C:\Program Files (x86)\Microsoft Visual Studio\2019\Community\VC\Tools\MSVC\14.22.27905\include\memory(1608): message :         [
C:\Program Files (x86)\Microsoft Visual Studio\2019\Community\VC\Tools\MSVC\14.22.27905\include\memory(1608): message :             _Ty=Text
C:\Program Files (x86)\Microsoft Visual Studio\2019\Community\VC\Tools\MSVC\14.22.27905\include\memory(1608): message :         ]
C:\Program Files (x86)\Microsoft Visual Studio\2019\Community\VC\Tools\MSVC\14.22.27905\include\memory(1608): message :  see reference to function template instantiation 'std::_Ref_count_obj<_Ty>::_Ref_count_obj<std::shared_ptr<Shaders>&,std::shared_ptr<Font>&,const char(&)[9],TEXT_COLOR,double>(std::shared_ptr<Shaders> &,std::shared_ptr<Font> &,const char (&)[9],TEXT_COLOR &&,double &&)' being compiled
C:\Program Files (x86)\Microsoft Visual Studio\2019\Community\VC\Tools\MSVC\14.22.27905\include\memory(1608): message :         with
C:\Program Files (x86)\Microsoft Visual Studio\2019\Community\VC\Tools\MSVC\14.22.27905\include\memory(1608): message :         [
C:\Program Files (x86)\Microsoft Visual Studio\2019\Community\VC\Tools\MSVC\14.22.27905\include\memory(1608): message :             _Ty=Text
C:\Program Files (x86)\Microsoft Visual Studio\2019\Community\VC\Tools\MSVC\14.22.27905\include\memory(1608): message :         ]
  GSIntro.cpp
E:\Gameloft\GameFinal\TrainingFramework\src\GameStates\GSGameOver.cpp(69): message :  see reference to function template instantiation 'std::shared_ptr<Text> std::make_shared<Text,std::shared_ptr<Shaders>&,std::shared_ptr<Font>&,const char(&)[9],TEXT_COLOR,double>(std::shared_ptr<Shaders> &,std::shared_ptr<Font> &,const char (&)[9],TEXT_COLOR &&,double &&)' being compiled
E:\Gameloft\GameFinal\TrainingFramework\src\Helper\ThreadPool.h(37,13): warning C4477:  'printf' : format string '%d' requires an argument of type 'int', but variadic argument 1 has type 'std::thread::id'
E:\Gameloft\GameFinal\Soloud\include\soloud.h(37,1): warning C4005:  'WIN32_LEAN_AND_MEAN': macro redefinition
E:\Gameloft\GameFinal\Include\AMD\EGL\eglplatform.h(67): message :  see previous definition of 'WIN32_LEAN_AND_MEAN'
E:\Gameloft\GameFinal\TrainingFramework\src\GameStates\GSIntro.cpp(22,80): warning C4244:  'argument': conversion from 'int' to 'GLfloat', possible loss of data
  GSMenu.cpp
E:\Gameloft\GameFinal\TrainingFramework\src\GameStates\GSIntro.cpp(22,49): warning C4244:  'argument': conversion from 'int' to 'GLfloat', possible loss of data
E:\Gameloft\GameFinal\TrainingFramework\src\Helper\ThreadPool.h(37,13): warning C4477:  'printf' : format string '%d' requires an argument of type 'int', but variadic argument 1 has type 'std::thread::id'
E:\Gameloft\GameFinal\Soloud\include\soloud.h(37,1): warning C4005:  'WIN32_LEAN_AND_MEAN': macro redefinition
E:\Gameloft\GameFinal\Include\AMD\EGL\eglplatform.h(67): message :  see previous definition of 'WIN32_LEAN_AND_MEAN'
E:\Gameloft\GameFinal\TrainingFramework\src\GameStates\GSMenu.cpp(23,86): warning C4244:  'argument': conversion from 'int' to 'GLfloat', possible loss of data
E:\Gameloft\GameFinal\TrainingFramework\src\GameStates\GSMenu.cpp(23,55): warning C4244:  'argument': conversion from 'int' to 'GLfloat', possible loss of data
E:\Gameloft\GameFinal\TrainingFramework\src\GameStates\GSMenu.cpp(29,49): warning C4244:  'argument': conversion from 'int' to 'GLfloat', possible loss of data
E:\Gameloft\GameFinal\TrainingFramework\src\GameStates\GSMenu.cpp(38,49): warning C4244:  'argument': conversion from 'int' to 'GLfloat', possible loss of data
E:\Gameloft\GameFinal\TrainingFramework\src\GameStates\GSMenu.cpp(47,49): warning C4244:  'argument': conversion from 'int' to 'GLfloat', possible loss of data
E:\Gameloft\GameFinal\TrainingFramework\src\GameStates\GSMenu.cpp(58,70): warning C4244:  'argument': conversion from 'int' to 'GLfloat', possible loss of data
C:\Program Files (x86)\Microsoft Visual Studio\2019\Community\VC\Tools\MSVC\14.22.27905\include\memory(1555,71): warning C4244:  'argument': conversion from '_Ty' to 'float', possible loss of data
C:\Program Files (x86)\Microsoft Visual Studio\2019\Community\VC\Tools\MSVC\14.22.27905\include\memory(1555,71): warning C4244:         with
C:\Program Files (x86)\Microsoft Visual Studio\2019\Community\VC\Tools\MSVC\14.22.27905\include\memory(1555,71): warning C4244:         [
C:\Program Files (x86)\Microsoft Visual Studio\2019\Community\VC\Tools\MSVC\14.22.27905\include\memory(1555,71): warning C4244:             _Ty=double
C:\Program Files (x86)\Microsoft Visual Studio\2019\Community\VC\Tools\MSVC\14.22.27905\include\memory(1555,71): warning C4244:         ]
C:\Program Files (x86)\Microsoft Visual Studio\2019\Community\VC\Tools\MSVC\14.22.27905\include\memory(1608): message :  see reference to function template instantiation 'std::_Ref_count_obj<_Ty>::_Ref_count_obj<std::shared_ptr<Shaders>&,std::shared_ptr<Font>&,const char(&)[13],TEXT_COLOR,double>(std::shared_ptr<Shaders> &,std::shared_ptr<Font> &,const char (&)[13],TEXT_COLOR &&,double &&)' being compiled
C:\Program Files (x86)\Microsoft Visual Studio\2019\Community\VC\Tools\MSVC\14.22.27905\include\memory(1608): message :         with
C:\Program Files (x86)\Microsoft Visual Studio\2019\Community\VC\Tools\MSVC\14.22.27905\include\memory(1608): message :         [
C:\Program Files (x86)\Microsoft Visual Studio\2019\Community\VC\Tools\MSVC\14.22.27905\include\memory(1608): message :             _Ty=Text
C:\Program Files (x86)\Microsoft Visual Studio\2019\Community\VC\Tools\MSVC\14.22.27905\include\memory(1608): message :         ]
C:\Program Files (x86)\Microsoft Visual Studio\2019\Community\VC\Tools\MSVC\14.22.27905\include\memory(1608): message :  see reference to function template instantiation 'std::_Ref_count_obj<_Ty>::_Ref_count_obj<std::shared_ptr<Shaders>&,std::shared_ptr<Font>&,const char(&)[13],TEXT_COLOR,double>(std::shared_ptr<Shaders> &,std::shared_ptr<Font> &,const char (&)[13],TEXT_COLOR &&,double &&)' being compiled
C:\Program Files (x86)\Microsoft Visual Studio\2019\Community\VC\Tools\MSVC\14.22.27905\include\memory(1608): message :         with
C:\Program Files (x86)\Microsoft Visual Studio\2019\Community\VC\Tools\MSVC\14.22.27905\include\memory(1608): message :         [
C:\Program Files (x86)\Microsoft Visual Studio\2019\Community\VC\Tools\MSVC\14.22.27905\include\memory(1608): message :             _Ty=Text
C:\Program Files (x86)\Microsoft Visual Studio\2019\Community\VC\Tools\MSVC\14.22.27905\include\memory(1608): message :         ]
  GSPlay.cpp
E:\Gameloft\GameFinal\TrainingFramework\src\GameStates\GSMenu.cpp(57): message :  see reference to function template instantiation 'std::shared_ptr<Text> std::make_shared<Text,std::shared_ptr<Shaders>&,std::shared_ptr<Font>&,const char(&)[13],TEXT_COLOR,double>(std::shared_ptr<Shaders> &,std::shared_ptr<Font> &,const char (&)[13],TEXT_COLOR &&,double &&)' being compiled
E:\Gameloft\GameFinal\TrainingFramework\src\Helper\ThreadPool.h(37,13): warning C4477:  'printf' : format string '%d' requires an argument of type 'int', but variadic argument 1 has type 'std::thread::id'
E:\Gameloft\GameFinal\Soloud\include\soloud.h(37,1): warning C4005:  'WIN32_LEAN_AND_MEAN': macro redefinition
E:\Gameloft\GameFinal\Include\AMD\EGL\eglplatform.h(67): message :  see previous definition of 'WIN32_LEAN_AND_MEAN'
E:\Gameloft\GameFinal\TrainingFramework\src\GameStates\GSPlay.cpp(47,86): warning C4244:  'argument': conversion from 'int' to 'GLfloat', possible loss of data
E:\Gameloft\GameFinal\TrainingFramework\src\GameStates\GSPlay.cpp(47,55): warning C4244:  'argument': conversion from 'int' to 'GLfloat', possible loss of data
E:\Gameloft\GameFinal\TrainingFramework\src\GameStates\GSPlay.cpp(53,82): warning C4244:  'argument': conversion from 'int' to 'GLfloat', possible loss of data
E:\Gameloft\GameFinal\TrainingFramework\src\GameStates\GSPlay.cpp(53,51): warning C4244:  'argument': conversion from 'int' to 'GLfloat', possible loss of data
E:\Gameloft\GameFinal\TrainingFramework\src\GameStates\GSPlay.cpp(54,92): warning C4244:  'argument': conversion from 'int' to 'GLfloat', possible loss of data
E:\Gameloft\GameFinal\TrainingFramework\src\GameStates\GSPlay.cpp(54,61): warning C4244:  'argument': conversion from 'int' to 'GLfloat', possible loss of data
E:\Gameloft\GameFinal\TrainingFramework\src\GameStates\GSPlay.cpp(69,14): warning C4244:  'initializing': conversion from 'double' to 'float', possible loss of data
E:\Gameloft\GameFinal\TrainingFramework\src\GameStates\GSPlay.cpp(70,14): warning C4244:  'initializing': conversion from 'double' to 'float', possible loss of data
E:\Gameloft\GameFinal\TrainingFramework\src\GameStates\GSPlay.cpp(71,37): warning C4244:  'argument': conversion from 'float' to 'GLint', possible loss of data
E:\Gameloft\GameFinal\TrainingFramework\src\GameStates\GSPlay.cpp(71,30): warning C4244:  'argument': conversion from 'float' to 'GLint', possible loss of data
E:\Gameloft\GameFinal\TrainingFramework\src\GameStates\GSPlay.cpp(78,38): warning C4244:  'argument': conversion from 'float' to 'GLint', possible loss of data
E:\Gameloft\GameFinal\TrainingFramework\src\GameStates\GSPlay.cpp(78,31): warning C4244:  'argument': conversion from 'float' to 'GLint', possible loss of data
E:\Gameloft\GameFinal\TrainingFramework\src\GameStates\GSPlay.cpp(79,41): warning C4244:  'argument': conversion from 'int' to 'GLfloat', possible loss of data
E:\Gameloft\GameFinal\TrainingFramework\src\GameStates\GSPlay.cpp(120,30): warning C4244:  'argument': conversion from 'int' to 'GLfloat', possible loss of data
E:\Gameloft\GameFinal\TrainingFramework\src\GameStates\GSPlay.cpp(152,39): warning C4244:  'argument': conversion from 'int' to 'GLfloat', possible loss of data
E:\Gameloft\GameFinal\TrainingFramework\src\GameStates\GSPlay.cpp(152,36): warning C4244:  'argument': conversion from 'int' to 'GLfloat', possible loss of data
E:\Gameloft\GameFinal\TrainingFramework\src\GameStates\GSPlay.cpp(171,24): warning C4305:  '=': truncation from 'double' to 'float'
E:\Gameloft\GameFinal\TrainingFramework\src\GameStates\GSPlay.cpp(280,10): warning C4244:  '=': conversion from 'int' to 'GLfloat', possible loss of data
E:\Gameloft\GameFinal\TrainingFramework\src\GameStates\GSPlay.cpp(281,35): warning C4244:  '=': conversion from 'int' to 'GLfloat', possible loss of data
E:\Gameloft\GameFinal\TrainingFramework\src\GameStates\GSPlay.cpp(328,58): warning C4244:  'argument': conversion from 'double' to 'GLint', possible loss of data
E:\Gameloft\GameFinal\TrainingFramework\src\GameStates\GSPlay.cpp(328,34): warning C4244:  'argument': conversion from 'double' to 'GLint', possible loss of data
E:\Gameloft\GameFinal\TrainingFramework\src\GameStates\GSPlay.cpp(332,60): warning C4244:  'argument': conversion from 'double' to 'GLint', possible loss of data
E:\Gameloft\GameFinal\TrainingFramework\src\GameStates\GSPlay.cpp(332,35): warning C4244:  'argument': conversion from 'double' to 'GLint', possible loss of data
E:\Gameloft\GameFinal\TrainingFramework\src\GameStates\GSPlay.cpp(336,60): warning C4244:  'argument': conversion from 'double' to 'GLint', possible loss of data
E:\Gameloft\GameFinal\TrainingFramework\src\GameStates\GSPlay.cpp(336,35): warning C4244:  'argument': conversion from 'double' to 'GLint', possible loss of data
E:\Gameloft\GameFinal\TrainingFramework\src\GameStates\GSPlay.cpp(340,60): warning C4244:  'argument': conversion from 'double' to 'GLint', possible loss of data
E:\Gameloft\GameFinal\TrainingFramework\src\GameStates\GSPlay.cpp(340,35): warning C4244:  'argument': conversion from 'double' to 'GLint', possible loss of data
E:\Gameloft\GameFinal\TrainingFramework\src\GameStates\GSPlay.cpp(344,60): warning C4244:  'argument': conversion from 'double' to 'GLint', possible loss of data
E:\Gameloft\GameFinal\TrainingFramework\src\GameStates\GSPlay.cpp(344,35): warning C4244:  'argument': conversion from 'double' to 'GLint', possible loss of data
E:\Gameloft\GameFinal\TrainingFramework\src\GameStates\GSPlay.cpp(356,52): warning C4244:  '=': conversion from 'int' to 'GLfloat', possible loss of data
C:\Program Files (x86)\Microsoft Visual Studio\2019\Community\VC\Tools\MSVC\14.22.27905\include\memory(1555,71): warning C4244:  'argument': conversion from '_Ty' to 'float', possible loss of data
C:\Program Files (x86)\Microsoft Visual Studio\2019\Community\VC\Tools\MSVC\14.22.27905\include\memory(1555,71): warning C4244:         with
C:\Program Files (x86)\Microsoft Visual Studio\2019\Community\VC\Tools\MSVC\14.22.27905\include\memory(1555,71): warning C4244:         [
C:\Program Files (x86)\Microsoft Visual Studio\2019\Community\VC\Tools\MSVC\14.22.27905\include\memory(1555,71): warning C4244:             _Ty=double
C:\Program Files (x86)\Microsoft Visual Studio\2019\Community\VC\Tools\MSVC\14.22.27905\include\memory(1555,71): warning C4244:         ]
C:\Program Files (x86)\Microsoft Visual Studio\2019\Community\VC\Tools\MSVC\14.22.27905\include\memory(1608): message :  see reference to function template instantiation 'std::_Ref_count_obj<_Ty>::_Ref_count_obj<std::shared_ptr<Shaders>&,std::shared_ptr<Font>&,const char(&)[8],TEXT_COLOR,double>(std::shared_ptr<Shaders> &,std::shared_ptr<Font> &,const char (&)[8],TEXT_COLOR &&,double &&)' being compiled
C:\Program Files (x86)\Microsoft Visual Studio\2019\Community\VC\Tools\MSVC\14.22.27905\include\memory(1608): message :         with
C:\Program Files (x86)\Microsoft Visual Studio\2019\Community\VC\Tools\MSVC\14.22.27905\include\memory(1608): message :         [
C:\Program Files (x86)\Microsoft Visual Studio\2019\Community\VC\Tools\MSVC\14.22.27905\include\memory(1608): message :             _Ty=Text
C:\Program Files (x86)\Microsoft Visual Studio\2019\Community\VC\Tools\MSVC\14.22.27905\include\memory(1608): message :         ]
C:\Program Files (x86)\Microsoft Visual Studio\2019\Community\VC\Tools\MSVC\14.22.27905\include\memory(1608): message :  see reference to function template instantiation 'std::_Ref_count_obj<_Ty>::_Ref_count_obj<std::shared_ptr<Shaders>&,std::shared_ptr<Font>&,const char(&)[8],TEXT_COLOR,double>(std::shared_ptr<Shaders> &,std::shared_ptr<Font> &,const char (&)[8],TEXT_COLOR &&,double &&)' being compiled
C:\Program Files (x86)\Microsoft Visual Studio\2019\Community\VC\Tools\MSVC\14.22.27905\include\memory(1608): message :         with
C:\Program Files (x86)\Microsoft Visual Studio\2019\Community\VC\Tools\MSVC\14.22.27905\include\memory(1608): message :         [
C:\Program Files (x86)\Microsoft Visual Studio\2019\Community\VC\Tools\MSVC\14.22.27905\include\memory(1608): message :             _Ty=Text
C:\Program Files (x86)\Microsoft Visual Studio\2019\Community\VC\Tools\MSVC\14.22.27905\include\memory(1608): message :         ]
  GsSetting.cpp
E:\Gameloft\GameFinal\TrainingFramework\src\GameStates\GSPlay.cpp(85): message :  see reference to function template instantiation 'std::shared_ptr<Text> std::make_shared<Text,std::shared_ptr<Shaders>&,std::shared_ptr<Font>&,const char(&)[8],TEXT_COLOR,double>(std::shared_ptr<Shaders> &,std::shared_ptr<Font> &,const char (&)[8],TEXT_COLOR &&,double &&)' being compiled
E:\Gameloft\GameFinal\TrainingFramework\src\Helper\ThreadPool.h(37,13): warning C4477:  'printf' : format string '%d' requires an argument of type 'int', but variadic argument 1 has type 'std::thread::id'
E:\Gameloft\GameFinal\Soloud\include\soloud.h(37,1): warning C4005:  'WIN32_LEAN_AND_MEAN': macro redefinition
E:\Gameloft\GameFinal\Include\AMD\EGL\eglplatform.h(67): message :  see previous definition of 'WIN32_LEAN_AND_MEAN'
E:\Gameloft\GameFinal\TrainingFramework\src\GameStates\GsSetting.cpp(21,86): warning C4244:  'argument': conversion from 'int' to 'GLfloat', possible loss of data
E:\Gameloft\GameFinal\TrainingFramework\src\GameStates\GsSetting.cpp(21,55): warning C4244:  'argument': conversion from 'int' to 'GLfloat', possible loss of data
E:\Gameloft\GameFinal\TrainingFramework\src\GameStates\GsSetting.cpp(34,86): warning C4244:  'argument': conversion from 'double' to 'GLint', possible loss of data
E:\Gameloft\GameFinal\TrainingFramework\src\GameStates\GsSetting.cpp(34,51): warning C4244:  'argument': conversion from 'double' to 'GLint', possible loss of data
E:\Gameloft\GameFinal\TrainingFramework\src\GameStates\GsSetting.cpp(40,53): warning C4244:  'argument': conversion from 'int' to 'GLfloat', possible loss of data
E:\Gameloft\GameFinal\TrainingFramework\src\GameStates\GsSetting.cpp(51,49): warning C4244:  'argument': conversion from 'int' to 'GLfloat', possible loss of data
E:\Gameloft\GameFinal\TrainingFramework\src\GameStates\GsSetting.cpp(61,53): warning C4244:  'argument': conversion from 'int' to 'GLfloat', possible loss of data
E:\Gameloft\GameFinal\TrainingFramework\src\GameStates\GsSetting.cpp(71,53): warning C4244:  'argument': conversion from 'int' to 'GLfloat', possible loss of data
E:\Gameloft\GameFinal\TrainingFramework\src\GameStates\GsSetting.cpp(83,70): warning C4244:  'argument': conversion from 'int' to 'GLfloat', possible loss of data
E:\Gameloft\GameFinal\TrainingFramework\src\GameStates\GsSetting.cpp(86,70): warning C4244:  'argument': conversion from 'int' to 'GLfloat', possible loss of data
C:\Program Files (x86)\Microsoft Visual Studio\2019\Community\VC\Tools\MSVC\14.22.27905\include\memory(1555,71): warning C4244:  'argument': conversion from '_Ty' to 'float', possible loss of data
C:\Program Files (x86)\Microsoft Visual Studio\2019\Community\VC\Tools\MSVC\14.22.27905\include\memory(1555,71): warning C4244:         with
C:\Program Files (x86)\Microsoft Visual Studio\2019\Community\VC\Tools\MSVC\14.22.27905\include\memory(1555,71): warning C4244:         [
C:\Program Files (x86)\Microsoft Visual Studio\2019\Community\VC\Tools\MSVC\14.22.27905\include\memory(1555,71): warning C4244:             _Ty=double
C:\Program Files (x86)\Microsoft Visual Studio\2019\Community\VC\Tools\MSVC\14.22.27905\include\memory(1555,71): warning C4244:         ]
C:\Program Files (x86)\Microsoft Visual Studio\2019\Community\VC\Tools\MSVC\14.22.27905\include\memory(1608): message :  see reference to function template instantiation 'std::_Ref_count_obj<_Ty>::_Ref_count_obj<std::shared_ptr<Shaders>&,std::shared_ptr<Font>&,const char(&)[8],TEXT_COLOR,double>(std::shared_ptr<Shaders> &,std::shared_ptr<Font> &,const char (&)[8],TEXT_COLOR &&,double &&)' being compiled
C:\Program Files (x86)\Microsoft Visual Studio\2019\Community\VC\Tools\MSVC\14.22.27905\include\memory(1608): message :         with
C:\Program Files (x86)\Microsoft Visual Studio\2019\Community\VC\Tools\MSVC\14.22.27905\include\memory(1608): message :         [
C:\Program Files (x86)\Microsoft Visual Studio\2019\Community\VC\Tools\MSVC\14.22.27905\include\memory(1608): message :             _Ty=Text
C:\Program Files (x86)\Microsoft Visual Studio\2019\Community\VC\Tools\MSVC\14.22.27905\include\memory(1608): message :         ]
C:\Program Files (x86)\Microsoft Visual Studio\2019\Community\VC\Tools\MSVC\14.22.27905\include\memory(1608): message :  see reference to function template instantiation 'std::_Ref_count_obj<_Ty>::_Ref_count_obj<std::shared_ptr<Shaders>&,std::shared_ptr<Font>&,const char(&)[8],TEXT_COLOR,double>(std::shared_ptr<Shaders> &,std::shared_ptr<Font> &,const char (&)[8],TEXT_COLOR &&,double &&)' being compiled
C:\Program Files (x86)\Microsoft Visual Studio\2019\Community\VC\Tools\MSVC\14.22.27905\include\memory(1608): message :         with
C:\Program Files (x86)\Microsoft Visual Studio\2019\Community\VC\Tools\MSVC\14.22.27905\include\memory(1608): message :         [
C:\Program Files (x86)\Microsoft Visual Studio\2019\Community\VC\Tools\MSVC\14.22.27905\include\memory(1608): message :             _Ty=Text
C:\Program Files (x86)\Microsoft Visual Studio\2019\Community\VC\Tools\MSVC\14.22.27905\include\memory(1608): message :         ]
  TrainingFramework.cpp
E:\Gameloft\GameFinal\TrainingFramework\src\GameStates\GsSetting.cpp(82): message :  see reference to function template instantiation 'std::shared_ptr<Text> std::make_shared<Text,std::shared_ptr<Shaders>&,std::shared_ptr<Font>&,const char(&)[8],TEXT_COLOR,double>(std::shared_ptr<Shaders> &,std::shared_ptr<Font> &,const char (&)[8],TEXT_COLOR &&,double &&)' being compiled
LINK : warning LNK4098: defaultlib 'LIBCMT' conflicts with use of other libs; use /NODEFAULTLIB:library
  Generating code
  Previous IPDB not found, fall back to full compilation.
  All 1980 functions were compiled because no usable IPDB/IOBJ from previous compilation was found.
  Finished generating code
  TrainingFramework.vcxproj -> E:\Gameloft\GameFinal\\BIN-ATI\TrainingFramework.exe
