e:\gameloft\programming\trainingframework\debug-nvidia\vc142.pdb
e:\gameloft\programming\trainingframework\debug-nvidia\vc142.idb
e:\gameloft\programming\trainingframework\debug-nvidia\bullet.obj
e:\gameloft\programming\trainingframework\debug-nvidia\fish.obj
e:\gameloft\programming\trainingframework\debug-nvidia\explosiveeffect.obj
e:\gameloft\programming\trainingframework\debug-nvidia\font.obj
e:\gameloft\programming\trainingframework\debug-nvidia\gamebutton.obj
e:\gameloft\programming\trainingframework\debug-nvidia\player.obj
e:\gameloft\programming\trainingframework\debug-nvidia\sprite2d.obj
e:\gameloft\programming\trainingframework\debug-nvidia\camera.obj
e:\gameloft\programming\trainingframework\debug-nvidia\sprite3d.obj
e:\gameloft\programming\trainingframework\debug-nvidia\models.obj
e:\gameloft\programming\trainingframework\debug-nvidia\shaders.obj
e:\gameloft\programming\trainingframework\debug-nvidia\spritesheet.obj
e:\gameloft\programming\trainingframework\debug-nvidia\text.obj
e:\gameloft\programming\trainingframework\debug-nvidia\texture.obj
e:\gameloft\programming\trainingframework\debug-nvidia\gamestatebase.obj
e:\gameloft\programming\trainingframework\debug-nvidia\gamestatemachine.obj
e:\gameloft\programming\trainingframework\debug-nvidia\gsintro.obj
e:\gameloft\programming\trainingframework\debug-nvidia\gsmenu.obj
e:\gameloft\programming\trainingframework\debug-nvidia\trainingframework.obj
e:\gameloft\programming\trainingframework\debug-nvidia\application.obj
e:\gameloft\programming\trainingframework\debug-nvidia\resourcemanagers.obj
e:\gameloft\programming\trainingframework\debug-nvidia\soundmanager.obj
e:\gameloft\programming\trainingframework\debug-nvidia\training.fc024ec8.tlog\cl.command.1.tlog
e:\gameloft\programming\trainingframework\debug-nvidia\training.fc024ec8.tlog\cl.read.1.tlog
e:\gameloft\programming\trainingframework\debug-nvidia\training.fc024ec8.tlog\cl.write.1.tlog
